  main.cpp
C:\maze-game\MazeGame\MazeGame\main.cpp(52,27): warning C4018: <: несоответствие типов со знаком и без знака
C:\maze-game\MazeGame\MazeGame\main.cpp(60,23): warning C4018: <: несоответствие типов со знаком и без знака
C:\maze-game\MazeGame\MazeGame\main.cpp(62,27): warning C4018: <: несоответствие типов со знаком и без знака
C:\maze-game\MazeGame\MazeGame\main.cpp(77,23): warning C4018: <: несоответствие типов со знаком и без знака
C:\maze-game\MazeGame\MazeGame\main.cpp(78,27): warning C4018: <: несоответствие типов со знаком и без знака
C:\maze-game\MazeGame\MazeGame\main.cpp(92,74): warning C4244: аргумент: преобразование "double" в "float", возможна потеря данных
C:\maze-game\MazeGame\MazeGame\main.cpp(111,19): warning C4244: =: преобразование "T" в "int", возможна потеря данных
          with
          [
              T=float
          ]
C:\maze-game\MazeGame\MazeGame\main.cpp(112,25): warning C4244: =: преобразование "T" в "int", возможна потеря данных
          with
          [
              T=float
          ]
C:\maze-game\MazeGame\MazeGame\main.cpp(113,19): warning C4244: =: преобразование "T" в "int", возможна потеря данных
          with
          [
              T=float
          ]
C:\maze-game\MazeGame\MazeGame\main.cpp(114,24): warning C4244: =: преобразование "T" в "int", возможна потеря данных
          with
          [
              T=float
          ]
C:\maze-game\MazeGame\MazeGame\main.cpp(168,62): warning C4244: аргумент: преобразование "float" в "int", возможна потеря данных
C:\maze-game\MazeGame\MazeGame\main.cpp(175,62): warning C4244: аргумент: преобразование "float" в "int", возможна потеря данных
C:\maze-game\MazeGame\MazeGame\main.cpp(182,59): warning C4244: аргумент: преобразование "float" в "int", возможна потеря данных
C:\maze-game\MazeGame\MazeGame\main.cpp(189,59): warning C4244: аргумент: преобразование "float" в "int", возможна потеря данных
  MazeGame.vcxproj -> C:\maze-game\MazeGame\Debug\MazeGame.exe
